START report: Thu Sep  1 14:07:29 2016 
** Note: (vasim-3800) Running Questa ADMS 16.2 patch1 Fri Jun 24 13:54:40 GMT 2016
+   on pqCentosServ1 Linux x86_64(2.6.32-642.3.1.el6.x86_64) #1 SMP Tue Jul 12 18:30:56 UTC 2016
Loading "/tools/MentorGraphics/QuestaADMS/libs/std.standard"
Loading "/tools/MentorGraphics/QuestaADMS/libs/ieee.std_logic_1164"
Loading "/tools/MentorGraphics/QuestaADMS/libs/MGC_AMS.wreal_pkg"
Loading "/tools/MentorGraphics/QuestaADMS/libs/ieee.numeric_bit"
Loading "/tools/MentorGraphics/QuestaADMS/libs/ieee.upf"
Loading "/work/chanaka/QuestaADMS/DSM_WITH_ECG/ams_lib.SCMOD2_SINC"
Loading "/work/chanaka/QuestaADMS/DSM_WITH_ECG/ams_lib.vdc"
Loading "/work/chanaka/QuestaADMS/DSM_WITH_ECG/ams_lib.clock"
Loading "/work/chanaka/QuestaADMS/DSM_WITH_ECG/ams_lib.ecgRead"
Loading "/work/chanaka/QuestaADMS/DSM_WITH_ECG/ams_lib.clockPhaseGen2"
Loading "/work/chanaka/QuestaADMS/DSM_WITH_ECG/ams_lib.ctrlSigGen"
Loading "/work/chanaka/QuestaADMS/DSM_WITH_ECG/ams_lib.SCMOD2_1"
Loading "/work/chanaka/QuestaADMS/DSM_WITH_ECG/ams_lib.switch"
Loading "/work/chanaka/QuestaADMS/DSM_WITH_ECG/ams_lib.capacitor"
Loading "/work/chanaka/QuestaADMS/DSM_WITH_ECG/ams_lib.level1FullyDiffOpAmp"
Loading "/work/chanaka/QuestaADMS/DSM_WITH_ECG/ams_lib.vcvs"
Loading "/work/chanaka/QuestaADMS/DSM_WITH_ECG/ams_lib.resistor"
Loading "/work/chanaka/QuestaADMS/DSM_WITH_ECG/ams_lib.SCMOD2_2"
Loading "/work/chanaka/QuestaADMS/DSM_WITH_ECG/ams_lib.comparator"
Load done
** Warning: (eldo-415)  COMMAND .TRAN: Parameter TPRINT is set to 1.000000e-01.
+   This is because more than 2000000 points would be created.
** Warning: (eldo-1716)  Reduction was activated: some requested outputs could be missing.
+   This activation can be disabled using option ELDO_REDUCTION_MODE=0.
+   Alternately, some selected outputs may be recovered using options REDUCE_KEEP_NODE and REDUCE_KEEP_INST.
** Warning: (eldo-premier-1021199)  Multi-threading mode disable : Not enough nets or devices. 
** Note: (eldo-premier-1021241)  Virtual memory after simulation: 701661184 (669.16 Mbytes),
+    Virtual memory peak: 829222912 (790.81 Mbytes)
